<?xml version="1.0" encoding="UTF-8"?>
<!-- Generated by org.testng.reporters.JUnitReportReporter -->
<testsuite hostname="JJESUSAC" failures="0" tests="1" name="com.reportExample.qs.SearchBlouses" time="19.886" errors="0" timestamp="2023-04-03T20:32:05 CST" skipped="0">
  <testcase classname="com.reportExample.qs.SearchBlouses" name="search_Blouses" time="19.886"/>
  <system-out/>
</testsuite> <!-- com.reportExample.qs.SearchBlouses -->
