<?xml version="1.0" encoding="UTF-8"?>
<!-- Generated by org.testng.reporters.JUnitReportReporter -->
<testsuite hostname="JJESUSAC" failures="0" tests="1" name="com.checkingLinks.test.CheckLinksTest" time="2.781" errors="0" timestamp="2023-04-11T01:11:59 CST" skipped="0">
  <testcase classname="com.checkingLinks.test.CheckLinksTest" name="verificarEnlacesRotos" time="2.781"/>
  <system-out/>
</testsuite> <!-- com.checkingLinks.test.CheckLinksTest -->
