<?xml version="1.0" encoding="UTF-8"?>
<!-- Generated by org.testng.reporters.JUnitReportReporter -->
<testsuite hostname="JJESUSAC" failures="0" tests="1" name="com.qualitystream.testng.TestNGExample" time="2.565" errors="0" timestamp="2023-04-03T17:09:01 CST" skipped="0">
  <testcase classname="com.qualitystream.testng.TestNGExample" name="search_Blouses" time="2.565"/>
  <system-out/>
</testsuite> <!-- com.qualitystream.testng.TestNGExample -->
