<?xml version="1.0" encoding="UTF-8"?>
<!-- Generated by org.testng.reporters.JUnitReportReporter -->
<testsuite hostname="JJESUSAC" failures="0" tests="2" name="com.qualitystream.testng.TestNGDataProviderExample" time="15.012" errors="0" timestamp="2023-04-03T18:43:33 CST" skipped="0">
  <testcase classname="com.qualitystream.testng.TestNGDataProviderExample" name="login" time="5.159"/>
  <system-out/>
  <testcase classname="com.qualitystream.testng.TestNGDataProviderExample" name="login" time="9.853"/>
  <system-out/>
</testsuite> <!-- com.qualitystream.testng.TestNGDataProviderExample -->
